           					                
  0 : main : 
  1 : t0 = 2
  2 : t1 = 2
  3 : t2 = 2
  4 : t3 = 2
  5 : t4 = 2
  6 : t5 = 2
  7 : t6 = 1
  8 : param t6
  9 : t7 = call printStr_, 1
 10 : t8 = 0
 11 : i = t8
 12 : t9 = 2
 13 : if i < t9 goto 19
 14 : goto 40
 15 : goto 40
 16 : t10 = i
 17 : i = i + 1
 18 : goto 12
 19 : t11 = 0
 20 : j = t11
 21 : t12 = 2
 22 : if j < t12 goto 28
 23 : goto 16
 24 : goto 39
 25 : t13 = j
 26 : j = j + 1
 27 : goto 21
 28 : t14 = & a
 29 : param t14
 30 : t15 = call readInt, 1
 31 : t16 = j * 4
 32 : t17 = i * 2
 33 : t18 = t17 * 4
 34 : t19 = t18 + 8
 35 : t16 = t16 + t19
 36 : t20 = m1[t16]
 37 : m1[t16] = a
 38 : goto 25
 39 : goto 16
 40 : t21 = 2
 41 : param t21
 42 : t22 = call printStr_, 1
 43 : t23 = 0
 44 : i = t23
 45 : t24 = 2
 46 : if i < t24 goto 52
 47 : goto 73
 48 : goto 73
 49 : t25 = i
 50 : i = i + 1
 51 : goto 45
 52 : t26 = 0
 53 : j = t26
 54 : t27 = 2
 55 : if j < t27 goto 61
 56 : goto 49
 57 : goto 72
 58 : t28 = j
 59 : j = j + 1
 60 : goto 54
 61 : t29 = & a
 62 : param t29
 63 : t30 = call readInt, 1
 64 : t31 = j * 4
 65 : t32 = i * 2
 66 : t33 = t32 * 4
 67 : t34 = t33 + 8
 68 : t31 = t31 + t34
 69 : t35 = m2[t31]
 70 : m2[t31] = a
 71 : goto 58
 72 : goto 49
 73 : t36 = 2
 74 : param t36
 75 : t37 = call printStr_, 1
 76 : t38 = 0
 77 : i = t38
 78 : t39 = 2
 79 : if i < t39 goto 85
 80 : goto 106
 81 : goto 106
 82 : t40 = i
 83 : i = i + 1
 84 : goto 78
 85 : t41 = 0
 86 : j = t41
 87 : t42 = 2
 88 : if j < t42 goto 94
 89 : goto 82
 90 : goto 105
 91 : t43 = j
 92 : j = j + 1
 93 : goto 87
 94 : t44 = & a
 95 : param t44
 96 : t45 = call readInt, 1
 97 : t46 = j * 4
 98 : t47 = i * 2
 99 : t48 = t47 * 4
100 : t49 = t48 + 8
101 : t46 = t46 + t49
102 : t50 = m3[t46]
103 : m3[t46] = a
104 : goto 91
105 : goto 82
106 : t51 = m1[8]
107 : t52 = m2[8]
108 : t53 = t52 + t51
109 : m1[8] = t53
110 : t54 = m1[12]
111 : t55 = m2[12]
112 : t56 = t55 + t54
113 : m1[12] = t56
114 : t57 = m1[16]
115 : t58 = m2[16]
116 : t59 = t58 + t57
117 : m1[16] = t59
118 : t60 = m1[20]
119 : t61 = m2[20]
120 : t62 = t61 + t60
121 : m1[20] = t62
122 : t64 = 0
123 : t67 = m1[8]
124 : t66 = m3[8]
125 : t65 = t67 * t66
126 : t64 = t64 + t65
127 : t67 = m1[12]
128 : t66 = m3[16]
129 : t65 = t67 * t66
130 : t64 = t64 + t65
131 : t63[8] = t64
132 : t64 = 0
133 : t67 = m1[8]
134 : t66 = m3[12]
135 : t65 = t67 * t66
136 : t64 = t64 + t65
137 : t67 = m1[12]
138 : t66 = m3[20]
139 : t65 = t67 * t66
140 : t64 = t64 + t65
141 : t63[12] = t64
142 : t64 = 0
143 : t67 = m1[16]
144 : t66 = m3[8]
145 : t65 = t67 * t66
146 : t64 = t64 + t65
147 : t67 = m1[20]
148 : t66 = m3[16]
149 : t65 = t67 * t66
150 : t64 = t64 + t65
151 : t63[16] = t64
152 : t64 = 0
153 : t67 = m1[16]
154 : t66 = m3[12]
155 : t65 = t67 * t66
156 : t64 = t64 + t65
157 : t67 = m1[20]
158 : t66 = m3[20]
159 : t65 = t67 * t66
160 : t64 = t64 + t65
161 : t63[20] = t64
162 : t68 = t63[8]
163 : m3[8] = t68
164 : t69 = t63[12]
165 : m3[12] = t69
166 : t70 = t63[16]
167 : m3[16] = t70
168 : t71 = t63[20]
169 : m3[20] = t71
170 : t72 = 8
171 : param t72
172 : t73 = call printStr_, 1
173 : t74 = 0
174 : i = t74
175 : t75 = 2
176 : if i < t75 goto 182
177 : goto 201
178 : goto 201
179 : t76 = i
180 : i = i + 1
181 : goto 175
182 : t77 = 0
183 : j = t77
184 : t78 = 2
185 : if j < t78 goto 191
186 : goto 179
187 : goto 200
188 : t79 = j
189 : j = j + 1
190 : goto 184
191 : t80 = j * 4
192 : t81 = i * 2
193 : t82 = t81 * 4
194 : t83 = t82 + 8
195 : t80 = t80 + t83
196 : t84 = m3[t80]
197 : param t84
198 : t85 = call printInt, 1
199 : goto 188
200 : goto 179
201 : t86 = 0
202 : return t86
203 : end main 

