           					           
  0 : fact : 
  1 : t0 = 1
  2 : if n == t0 goto 5
  3 : goto 8
  4 : goto 8
  5 : t1 = 1
  6 : return t1
  7 : goto 8
  8 : t2 = 1
  9 : t3 = n - t2
 10 : param t3
 11 : t4 = call fact, 1
 12 : t5 = n * t4
 13 : return t5
 14 : end fact 


 15 : main : 
 16 : t6 = 6
 17 : param t6
 18 : t7 = call printStr_, 1
 19 : t8 = & a
 20 : param t8
 21 : t9 = call readInt, 1
 22 : param a
 23 : t10 = call fact, 1
 24 : k = t10
 25 : t11 = 7
 26 : param t11
 27 : t12 = call printStr_, 1
 28 : param k
 29 : t13 = call printInt, 1
 30 : end main 

