           					               
  0 : main : 
  1 : t0 = 2
  2 : t1 = 2
  3 : t2 = 2
  4 : t3 = 2
  5 : t4 = 1
  6 : param t4
  7 : t5 = call printStr_, 1
  8 : t6 = 0
  9 : i = t6
 10 : t7 = 2
 11 : if i < t7 goto 17
 12 : goto 38
 13 : goto 38
 14 : t8 = i
 15 : i = i + 1
 16 : goto 10
 17 : t9 = 0
 18 : j = t9
 19 : t10 = 2
 20 : if j < t10 goto 26
 21 : goto 14
 22 : goto 37
 23 : t11 = j
 24 : j = j + 1
 25 : goto 19
 26 : t12 = & a
 27 : param t12
 28 : t13 = call readInt, 1
 29 : t14 = j * 4
 30 : t15 = i * 2
 31 : t16 = t15 * 4
 32 : t17 = t16 + 8
 33 : t14 = t14 + t17
 34 : t18 = m1[t14]
 35 : m1[t14] = a
 36 : goto 23
 37 : goto 14
 38 : t19 = 2
 39 : param t19
 40 : t20 = call printStr_, 1
 41 : t21 = 0
 42 : i = t21
 43 : t22 = 2
 44 : if i < t22 goto 50
 45 : goto 71
 46 : goto 71
 47 : t23 = i
 48 : i = i + 1
 49 : goto 43
 50 : t24 = 0
 51 : j = t24
 52 : t25 = 2
 53 : if j < t25 goto 59
 54 : goto 47
 55 : goto 70
 56 : t26 = j
 57 : j = j + 1
 58 : goto 52
 59 : t27 = & a
 60 : param t27
 61 : t28 = call readInt, 1
 62 : t29 = j * 4
 63 : t30 = i * 2
 64 : t31 = t30 * 4
 65 : t32 = t31 + 8
 66 : t29 = t29 + t32
 67 : t33 = m2[t29]
 68 : m2[t29] = a
 69 : goto 56
 70 : goto 47
 71 : t34 = m1[8]
 72 : t35 = m2[8]
 73 : t36 = t35 + t34
 74 : m1[8] = t36
 75 : t37 = m1[12]
 76 : t38 = m2[12]
 77 : t39 = t38 + t37
 78 : m1[12] = t39
 79 : t40 = m1[16]
 80 : t41 = m2[16]
 81 : t42 = t41 + t40
 82 : m1[16] = t42
 83 : t43 = m1[20]
 84 : t44 = m2[20]
 85 : t45 = t44 + t43
 86 : m1[20] = t45
 87 : t46 = m1[8]
 88 : m2[8] = t46
 89 : t47 = m1[12]
 90 : m2[12] = t47
 91 : t48 = m1[16]
 92 : m2[16] = t48
 93 : t49 = m1[20]
 94 : m2[20] = t49
 95 : t51 = m2[8]
 96 : t50[8] = t51
 97 : t52 = m2[12]
 98 : t50[16] = t52
 99 : t53 = m2[16]
100 : t50[12] = t53
101 : t54 = m2[20]
102 : t50[20] = t54
103 : t55 = t50[8]
104 : m2[8] = t55
105 : t56 = t50[12]
106 : m2[12] = t56
107 : t57 = t50[16]
108 : m2[16] = t57
109 : t58 = t50[20]
110 : m2[20] = t58
111 : t59 = 3
112 : param t59
113 : t60 = call printStr_, 1
114 : t61 = 0
115 : i = t61
116 : t62 = 2
117 : if i < t62 goto 123
118 : goto 142
119 : goto 142
120 : t63 = i
121 : i = i + 1
122 : goto 116
123 : t64 = 0
124 : j = t64
125 : t65 = 2
126 : if j < t65 goto 132
127 : goto 120
128 : goto 141
129 : t66 = j
130 : j = j + 1
131 : goto 125
132 : t67 = j * 4
133 : t68 = i * 2
134 : t69 = t68 * 4
135 : t70 = t69 + 8
136 : t67 = t67 + t70
137 : t71 = m2[t67]
138 : param t71
139 : t72 = call printInt, 1
140 : goto 129
141 : goto 120
142 : t73 = 0
143 : return t73
144 : end main 

